[06-Jun-2025 20:15:21 Europe/Berlin] Login error: Invalid email or password
[06-Jun-2025 20:15:55 Europe/Berlin] Login error: Invalid email or password
[06-Jun-2025 20:18:05 Europe/Berlin] Attempting password verification for user: ahmed.mo.abubakr@gmail.com
[06-Jun-2025 20:18:05 Europe/Berlin] Stored hash: $2y$10$92IXUNpkjO0rOQ5byMi.Ye4oKoEa3Ro9llC/.og/at2.uheWG/igi
[06-Jun-2025 20:18:05 Europe/Berlin] Provided password: abuBakr&elKhiouty
[06-Jun-2025 20:18:05 Europe/Berlin] Password verification failed for user: ahmed.mo.abubakr@gmail.com
[06-Jun-2025 20:18:05 Europe/Berlin] Login error: Invalid email or password
[06-Jun-2025 20:19:43 Europe/Berlin] Attempting password verification for user: ahmed.mo.abubakr@gmail.com
[06-Jun-2025 20:19:43 Europe/Berlin] Stored hash: $2y$10$92IXUNpkjO0rOQ5byMi.Ye4oKoEa3Ro9llC/.og/at2.uheWG/igi
[06-Jun-2025 20:19:43 Europe/Berlin] Provided password: abuBakr&elKhiouty
[06-Jun-2025 20:19:43 Europe/Berlin] Password verification failed for user: ahmed.mo.abubakr@gmail.com
[06-Jun-2025 20:19:43 Europe/Berlin] Login error: Invalid email or password
[06-Jun-2025 20:19:44 Europe/Berlin] Attempting password verification for user: ahmed.mo.abubakr@gmail.com
[06-Jun-2025 20:19:44 Europe/Berlin] Stored hash: $2y$10$92IXUNpkjO0rOQ5byMi.Ye4oKoEa3Ro9llC/.og/at2.uheWG/igi
[06-Jun-2025 20:19:44 Europe/Berlin] Provided password: abuBakr&elKhiouty
[06-Jun-2025 20:19:45 Europe/Berlin] Password verification failed for user: ahmed.mo.abubakr@gmail.com
[06-Jun-2025 20:19:45 Europe/Berlin] Login error: Invalid email or password
[06-Jun-2025 20:19:47 Europe/Berlin] Attempting password verification for user: ahmed.mo.abubakr@gmail.com
[06-Jun-2025 20:19:47 Europe/Berlin] Stored hash: $2y$10$92IXUNpkjO0rOQ5byMi.Ye4oKoEa3Ro9llC/.og/at2.uheWG/igi
[06-Jun-2025 20:19:47 Europe/Berlin] Provided password: abuBakr&elKhiouty
[06-Jun-2025 20:19:47 Europe/Berlin] Password verification failed for user: ahmed.mo.abubakr@gmail.com
[06-Jun-2025 20:19:47 Europe/Berlin] Login error: Invalid email or password
[06-Jun-2025 20:20:53 Europe/Berlin] Attempting password verification for user: ahmed.mo.abubakr@gmail.com
[06-Jun-2025 20:20:53 Europe/Berlin] Stored hash: $2y$10$t7XNyeZ.JidgSzPzIBYeaucvEmjJAamB2UC8Bng4I2ZX6l/oBp7MC
[06-Jun-2025 20:20:53 Europe/Berlin] Provided password: abuBakr&elKhiouty
[06-Jun-2025 20:20:54 Europe/Berlin] Password verification successful for user: ahmed.mo.abubakr@gmail.com
[06-Jun-2025 20:20:54 Europe/Berlin] Token generated successfully for user: ahmed.mo.abubakr@gmail.com
[06-Jun-2025 20:20:54 Europe/Berlin] Received Authorization header: Bearer eyJ0eXAiOiJKV1QiLCJhbGciOiJIUzI1NiJ9.eyJpZCI6MSwiZW1haWwiOiJhaG1lZC5tby5hYnViYWtyQGdtYWlsLmNvbSIsIm5hbWUiOiJBaG1lZCBNb2hhbWVkIiwicm9sZSI6ImFkbWluIiwiZXhwIjoxNzQ5MjM3NjU0fQ.-1Q6MXYnp_pP1odp2fHMlmz8shIe-iy-loQsYMV__cQ
[06-Jun-2025 20:20:54 Europe/Berlin] Extracted token: eyJ0eXAiOiJKV1QiLCJhbGciOiJIUzI1NiJ9.eyJpZCI6MSwiZW1haWwiOiJhaG1lZC5tby5hYnViYWtyQGdtYWlsLmNvbSIsIm5hbWUiOiJBaG1lZCBNb2hhbWVkIiwicm9sZSI6ImFkbWluIiwiZXhwIjoxNzQ5MjM3NjU0fQ.-1Q6MXYnp_pP1odp2fHMlmz8shIe-iy-loQsYMV__cQ
[06-Jun-2025 20:20:54 Europe/Berlin] Token validation successful. Decoded data: {"id":1,"email":"ahmed.mo.abubakr@gmail.com","name":"Ahmed Mohamed","role":"admin","exp":1749237654}
[06-Jun-2025 20:20:54 Europe/Berlin] PHP Warning:  Undefined array key "user" in C:\xampp\htdocs\cpanel\api\check-auth.php on line 36
[06-Jun-2025 20:22:04 Europe/Berlin] Attempting password verification for user: ahmed.mo.abubakr@gmail.com
[06-Jun-2025 20:22:04 Europe/Berlin] Stored hash: $2y$10$t7XNyeZ.JidgSzPzIBYeaucvEmjJAamB2UC8Bng4I2ZX6l/oBp7MC
[06-Jun-2025 20:22:04 Europe/Berlin] Provided password: abuBakr&elKhiouty
[06-Jun-2025 20:22:04 Europe/Berlin] Password verification successful for user: ahmed.mo.abubakr@gmail.com
[06-Jun-2025 20:22:04 Europe/Berlin] Token generated successfully for user: ahmed.mo.abubakr@gmail.com
[06-Jun-2025 20:22:04 Europe/Berlin] Received Authorization header: Bearer eyJ0eXAiOiJKV1QiLCJhbGciOiJIUzI1NiJ9.eyJpZCI6MSwiZW1haWwiOiJhaG1lZC5tby5hYnViYWtyQGdtYWlsLmNvbSIsIm5hbWUiOiJBaG1lZCBNb2hhbWVkIiwicm9sZSI6ImFkbWluIiwiZXhwIjoxNzQ5MjM3NzI0fQ.JUujU4Am1k1RSDhB0PJ9hERSPHSQt2lQ245oh-seuoI
[06-Jun-2025 20:22:04 Europe/Berlin] Extracted token: eyJ0eXAiOiJKV1QiLCJhbGciOiJIUzI1NiJ9.eyJpZCI6MSwiZW1haWwiOiJhaG1lZC5tby5hYnViYWtyQGdtYWlsLmNvbSIsIm5hbWUiOiJBaG1lZCBNb2hhbWVkIiwicm9sZSI6ImFkbWluIiwiZXhwIjoxNzQ5MjM3NzI0fQ.JUujU4Am1k1RSDhB0PJ9hERSPHSQt2lQ245oh-seuoI
[06-Jun-2025 20:22:04 Europe/Berlin] Token validation successful. User data: {"id":1,"email":"ahmed.mo.abubakr@gmail.com","name":"Ahmed Mohamed","role":"admin","exp":1749237724}
[06-Jun-2025 20:22:06 Europe/Berlin] Received Authorization header: Bearer eyJ0eXAiOiJKV1QiLCJhbGciOiJIUzI1NiJ9.eyJpZCI6MSwiZW1haWwiOiJhaG1lZC5tby5hYnViYWtyQGdtYWlsLmNvbSIsIm5hbWUiOiJBaG1lZCBNb2hhbWVkIiwicm9sZSI6ImFkbWluIiwiZXhwIjoxNzQ5MjM3NzI0fQ.JUujU4Am1k1RSDhB0PJ9hERSPHSQt2lQ245oh-seuoI
[06-Jun-2025 20:22:06 Europe/Berlin] Extracted token: eyJ0eXAiOiJKV1QiLCJhbGciOiJIUzI1NiJ9.eyJpZCI6MSwiZW1haWwiOiJhaG1lZC5tby5hYnViYWtyQGdtYWlsLmNvbSIsIm5hbWUiOiJBaG1lZCBNb2hhbWVkIiwicm9sZSI6ImFkbWluIiwiZXhwIjoxNzQ5MjM3NzI0fQ.JUujU4Am1k1RSDhB0PJ9hERSPHSQt2lQ245oh-seuoI
[06-Jun-2025 20:22:06 Europe/Berlin] Token validation successful. User data: {"id":1,"email":"ahmed.mo.abubakr@gmail.com","name":"Ahmed Mohamed","role":"admin","exp":1749237724}
[06-Jun-2025 20:26:44 Europe/Berlin] Received Authorization header: Bearer eyJ0eXAiOiJKV1QiLCJhbGciOiJIUzI1NiJ9.eyJpZCI6MSwiZW1haWwiOiJhaG1lZC5tby5hYnViYWtyQGdtYWlsLmNvbSIsIm5hbWUiOiJBaG1lZCBNb2hhbWVkIiwicm9sZSI6ImFkbWluIiwiZXhwIjoxNzQ5MjM3NzI0fQ.JUujU4Am1k1RSDhB0PJ9hERSPHSQt2lQ245oh-seuoI
[06-Jun-2025 20:26:44 Europe/Berlin] Extracted token: eyJ0eXAiOiJKV1QiLCJhbGciOiJIUzI1NiJ9.eyJpZCI6MSwiZW1haWwiOiJhaG1lZC5tby5hYnViYWtyQGdtYWlsLmNvbSIsIm5hbWUiOiJBaG1lZCBNb2hhbWVkIiwicm9sZSI6ImFkbWluIiwiZXhwIjoxNzQ5MjM3NzI0fQ.JUujU4Am1k1RSDhB0PJ9hERSPHSQt2lQ245oh-seuoI
[06-Jun-2025 20:26:44 Europe/Berlin] Token validation successful. User data: {"id":1,"email":"ahmed.mo.abubakr@gmail.com","name":"Ahmed Mohamed","role":"admin","exp":1749237724}
[06-Jun-2025 20:26:44 Europe/Berlin] Received Authorization header: Bearer eyJ0eXAiOiJKV1QiLCJhbGciOiJIUzI1NiJ9.eyJpZCI6MSwiZW1haWwiOiJhaG1lZC5tby5hYnViYWtyQGdtYWlsLmNvbSIsIm5hbWUiOiJBaG1lZCBNb2hhbWVkIiwicm9sZSI6ImFkbWluIiwiZXhwIjoxNzQ5MjM3NzI0fQ.JUujU4Am1k1RSDhB0PJ9hERSPHSQt2lQ245oh-seuoI
[06-Jun-2025 20:26:44 Europe/Berlin] Extracted token: eyJ0eXAiOiJKV1QiLCJhbGciOiJIUzI1NiJ9.eyJpZCI6MSwiZW1haWwiOiJhaG1lZC5tby5hYnViYWtyQGdtYWlsLmNvbSIsIm5hbWUiOiJBaG1lZCBNb2hhbWVkIiwicm9sZSI6ImFkbWluIiwiZXhwIjoxNzQ5MjM3NzI0fQ.JUujU4Am1k1RSDhB0PJ9hERSPHSQt2lQ245oh-seuoI
[06-Jun-2025 20:26:44 Europe/Berlin] Token validation successful. User data: {"id":1,"email":"ahmed.mo.abubakr@gmail.com","name":"Ahmed Mohamed","role":"admin","exp":1749237724}
[06-Jun-2025 20:26:44 Europe/Berlin] PHP Fatal error:  Uncaught Error: Call to undefined function checkAuth() in C:\xampp\htdocs\cpanel\api\dashboard.php:17
Stack trace:
#0 {main}
  thrown in C:\xampp\htdocs\cpanel\api\dashboard.php on line 17
[06-Jun-2025 20:26:56 Europe/Berlin] Received Authorization header: Bearer eyJ0eXAiOiJKV1QiLCJhbGciOiJIUzI1NiJ9.eyJpZCI6MSwiZW1haWwiOiJhaG1lZC5tby5hYnViYWtyQGdtYWlsLmNvbSIsIm5hbWUiOiJBaG1lZCBNb2hhbWVkIiwicm9sZSI6ImFkbWluIiwiZXhwIjoxNzQ5MjM3NzI0fQ.JUujU4Am1k1RSDhB0PJ9hERSPHSQt2lQ245oh-seuoI
[06-Jun-2025 20:26:56 Europe/Berlin] Extracted token: eyJ0eXAiOiJKV1QiLCJhbGciOiJIUzI1NiJ9.eyJpZCI6MSwiZW1haWwiOiJhaG1lZC5tby5hYnViYWtyQGdtYWlsLmNvbSIsIm5hbWUiOiJBaG1lZCBNb2hhbWVkIiwicm9sZSI6ImFkbWluIiwiZXhwIjoxNzQ5MjM3NzI0fQ.JUujU4Am1k1RSDhB0PJ9hERSPHSQt2lQ245oh-seuoI
[06-Jun-2025 20:26:56 Europe/Berlin] Token validation successful. User data: {"id":1,"email":"ahmed.mo.abubakr@gmail.com","name":"Ahmed Mohamed","role":"admin","exp":1749237724}
[06-Jun-2025 20:26:56 Europe/Berlin] PHP Fatal error:  Uncaught Error: Call to undefined function checkAuth() in C:\xampp\htdocs\cpanel\api\articles.php:17
Stack trace:
#0 {main}
  thrown in C:\xampp\htdocs\cpanel\api\articles.php on line 17
[06-Jun-2025 20:28:47 Europe/Berlin] Received Authorization header: Bearer eyJ0eXAiOiJKV1QiLCJhbGciOiJIUzI1NiJ9.eyJpZCI6MSwiZW1haWwiOiJhaG1lZC5tby5hYnViYWtyQGdtYWlsLmNvbSIsIm5hbWUiOiJBaG1lZCBNb2hhbWVkIiwicm9sZSI6ImFkbWluIiwiZXhwIjoxNzQ5MjM3NzI0fQ.JUujU4Am1k1RSDhB0PJ9hERSPHSQt2lQ245oh-seuoI
[06-Jun-2025 20:28:47 Europe/Berlin] Extracted token: eyJ0eXAiOiJKV1QiLCJhbGciOiJIUzI1NiJ9.eyJpZCI6MSwiZW1haWwiOiJhaG1lZC5tby5hYnViYWtyQGdtYWlsLmNvbSIsIm5hbWUiOiJBaG1lZCBNb2hhbWVkIiwicm9sZSI6ImFkbWluIiwiZXhwIjoxNzQ5MjM3NzI0fQ.JUujU4Am1k1RSDhB0PJ9hERSPHSQt2lQ245oh-seuoI
[06-Jun-2025 20:28:47 Europe/Berlin] Token validation successful. User data: {"id":1,"email":"ahmed.mo.abubakr@gmail.com","name":"Ahmed Mohamed","role":"admin","exp":1749237724}
[06-Jun-2025 20:28:47 Europe/Berlin] Received Authorization header: Bearer eyJ0eXAiOiJKV1QiLCJhbGciOiJIUzI1NiJ9.eyJpZCI6MSwiZW1haWwiOiJhaG1lZC5tby5hYnViYWtyQGdtYWlsLmNvbSIsIm5hbWUiOiJBaG1lZCBNb2hhbWVkIiwicm9sZSI6ImFkbWluIiwiZXhwIjoxNzQ5MjM3NzI0fQ.JUujU4Am1k1RSDhB0PJ9hERSPHSQt2lQ245oh-seuoI
[06-Jun-2025 20:28:47 Europe/Berlin] Extracted token: eyJ0eXAiOiJKV1QiLCJhbGciOiJIUzI1NiJ9.eyJpZCI6MSwiZW1haWwiOiJhaG1lZC5tby5hYnViYWtyQGdtYWlsLmNvbSIsIm5hbWUiOiJBaG1lZCBNb2hhbWVkIiwicm9sZSI6ImFkbWluIiwiZXhwIjoxNzQ5MjM3NzI0fQ.JUujU4Am1k1RSDhB0PJ9hERSPHSQt2lQ245oh-seuoI
[06-Jun-2025 20:28:47 Europe/Berlin] Token validation successful. User data: {"id":1,"email":"ahmed.mo.abubakr@gmail.com","name":"Ahmed Mohamed","role":"admin","exp":1749237724}
[06-Jun-2025 20:28:47 Europe/Berlin] Sending dashboard data: {"success":true,"articles":3,"services":3,"portfolio":3,"users":1,"recentArticles":[{"id":1,"title":"Getting Started with Web Development","category":"Web Development","author":"John Doe","content":"This is a sample article about web development basics.","status":"published","created_at":"2024-03-20 10:00:00"},{"id":2,"title":"Advanced PHP Techniques","category":"Programming","author":"Jane Smith","content":"Learn about advanced PHP programming techniques.","status":"published","created_at":"2024-03-20 11:00:00"},{"id":3,"title":"Database Design Best Practices","category":"Database","author":"Mike Johnson","content":"Essential tips for designing efficient databases.","status":"draft","created_at":"2024-03-20 12:00:00"}],"recentServices":[{"id":1,"name":"Web Development","description":"Custom web development services","status":"active","created_at":"2024-03-20 10:00:00"},{"id":2,"name":"SEO Optimization","description":"Search engine optimization services","status":"active","created_at":"2024-03-20 11:00:00"},{"id":3,"name":"Content Writing","description":"Professional content writing services","status":"active","created_at":"2024-03-20 12:00:00"}]}
[06-Jun-2025 20:28:49 Europe/Berlin] Received Authorization header: Bearer eyJ0eXAiOiJKV1QiLCJhbGciOiJIUzI1NiJ9.eyJpZCI6MSwiZW1haWwiOiJhaG1lZC5tby5hYnViYWtyQGdtYWlsLmNvbSIsIm5hbWUiOiJBaG1lZCBNb2hhbWVkIiwicm9sZSI6ImFkbWluIiwiZXhwIjoxNzQ5MjM3NzI0fQ.JUujU4Am1k1RSDhB0PJ9hERSPHSQt2lQ245oh-seuoI
[06-Jun-2025 20:28:49 Europe/Berlin] Extracted token: eyJ0eXAiOiJKV1QiLCJhbGciOiJIUzI1NiJ9.eyJpZCI6MSwiZW1haWwiOiJhaG1lZC5tby5hYnViYWtyQGdtYWlsLmNvbSIsIm5hbWUiOiJBaG1lZCBNb2hhbWVkIiwicm9sZSI6ImFkbWluIiwiZXhwIjoxNzQ5MjM3NzI0fQ.JUujU4Am1k1RSDhB0PJ9hERSPHSQt2lQ245oh-seuoI
[06-Jun-2025 20:28:49 Europe/Berlin] Token validation successful. User data: {"id":1,"email":"ahmed.mo.abubakr@gmail.com","name":"Ahmed Mohamed","role":"admin","exp":1749237724}
[06-Jun-2025 20:28:49 Europe/Berlin] PHP Fatal error:  Uncaught Error: Call to undefined function checkAuth() in C:\xampp\htdocs\cpanel\api\articles.php:17
Stack trace:
#0 {main}
  thrown in C:\xampp\htdocs\cpanel\api\articles.php on line 17
[06-Jun-2025 20:28:53 Europe/Berlin] Received Authorization header: Bearer eyJ0eXAiOiJKV1QiLCJhbGciOiJIUzI1NiJ9.eyJpZCI6MSwiZW1haWwiOiJhaG1lZC5tby5hYnViYWtyQGdtYWlsLmNvbSIsIm5hbWUiOiJBaG1lZCBNb2hhbWVkIiwicm9sZSI6ImFkbWluIiwiZXhwIjoxNzQ5MjM3NzI0fQ.JUujU4Am1k1RSDhB0PJ9hERSPHSQt2lQ245oh-seuoI
[06-Jun-2025 20:28:53 Europe/Berlin] Extracted token: eyJ0eXAiOiJKV1QiLCJhbGciOiJIUzI1NiJ9.eyJpZCI6MSwiZW1haWwiOiJhaG1lZC5tby5hYnViYWtyQGdtYWlsLmNvbSIsIm5hbWUiOiJBaG1lZCBNb2hhbWVkIiwicm9sZSI6ImFkbWluIiwiZXhwIjoxNzQ5MjM3NzI0fQ.JUujU4Am1k1RSDhB0PJ9hERSPHSQt2lQ245oh-seuoI
[06-Jun-2025 20:28:53 Europe/Berlin] Token validation successful. User data: {"id":1,"email":"ahmed.mo.abubakr@gmail.com","name":"Ahmed Mohamed","role":"admin","exp":1749237724}
[06-Jun-2025 20:28:53 Europe/Berlin] Sending dashboard data: {"success":true,"articles":3,"services":3,"portfolio":3,"users":1,"recentArticles":[{"id":1,"title":"Getting Started with Web Development","category":"Web Development","author":"John Doe","content":"This is a sample article about web development basics.","status":"published","created_at":"2024-03-20 10:00:00"},{"id":2,"title":"Advanced PHP Techniques","category":"Programming","author":"Jane Smith","content":"Learn about advanced PHP programming techniques.","status":"published","created_at":"2024-03-20 11:00:00"},{"id":3,"title":"Database Design Best Practices","category":"Database","author":"Mike Johnson","content":"Essential tips for designing efficient databases.","status":"draft","created_at":"2024-03-20 12:00:00"}],"recentServices":[{"id":1,"name":"Web Development","description":"Custom web development services","status":"active","created_at":"2024-03-20 10:00:00"},{"id":2,"name":"SEO Optimization","description":"Search engine optimization services","status":"active","created_at":"2024-03-20 11:00:00"},{"id":3,"name":"Content Writing","description":"Professional content writing services","status":"active","created_at":"2024-03-20 12:00:00"}]}
[06-Jun-2025 20:31:04 Europe/Berlin] Received Authorization header: Bearer eyJ0eXAiOiJKV1QiLCJhbGciOiJIUzI1NiJ9.eyJpZCI6MSwiZW1haWwiOiJhaG1lZC5tby5hYnViYWtyQGdtYWlsLmNvbSIsIm5hbWUiOiJBaG1lZCBNb2hhbWVkIiwicm9sZSI6ImFkbWluIiwiZXhwIjoxNzQ5MjM3NzI0fQ.JUujU4Am1k1RSDhB0PJ9hERSPHSQt2lQ245oh-seuoI
[06-Jun-2025 20:31:04 Europe/Berlin] Extracted token: eyJ0eXAiOiJKV1QiLCJhbGciOiJIUzI1NiJ9.eyJpZCI6MSwiZW1haWwiOiJhaG1lZC5tby5hYnViYWtyQGdtYWlsLmNvbSIsIm5hbWUiOiJBaG1lZCBNb2hhbWVkIiwicm9sZSI6ImFkbWluIiwiZXhwIjoxNzQ5MjM3NzI0fQ.JUujU4Am1k1RSDhB0PJ9hERSPHSQt2lQ245oh-seuoI
[06-Jun-2025 20:31:04 Europe/Berlin] Token validation successful. User data: {"id":1,"email":"ahmed.mo.abubakr@gmail.com","name":"Ahmed Mohamed","role":"admin","exp":1749237724}
[06-Jun-2025 20:31:04 Europe/Berlin] Received Authorization header: Bearer eyJ0eXAiOiJKV1QiLCJhbGciOiJIUzI1NiJ9.eyJpZCI6MSwiZW1haWwiOiJhaG1lZC5tby5hYnViYWtyQGdtYWlsLmNvbSIsIm5hbWUiOiJBaG1lZCBNb2hhbWVkIiwicm9sZSI6ImFkbWluIiwiZXhwIjoxNzQ5MjM3NzI0fQ.JUujU4Am1k1RSDhB0PJ9hERSPHSQt2lQ245oh-seuoI
[06-Jun-2025 20:31:04 Europe/Berlin] Extracted token: eyJ0eXAiOiJKV1QiLCJhbGciOiJIUzI1NiJ9.eyJpZCI6MSwiZW1haWwiOiJhaG1lZC5tby5hYnViYWtyQGdtYWlsLmNvbSIsIm5hbWUiOiJBaG1lZCBNb2hhbWVkIiwicm9sZSI6ImFkbWluIiwiZXhwIjoxNzQ5MjM3NzI0fQ.JUujU4Am1k1RSDhB0PJ9hERSPHSQt2lQ245oh-seuoI
[06-Jun-2025 20:31:04 Europe/Berlin] Token validation successful. User data: {"id":1,"email":"ahmed.mo.abubakr@gmail.com","name":"Ahmed Mohamed","role":"admin","exp":1749237724}
[06-Jun-2025 20:31:04 Europe/Berlin] Sending dashboard data: {"success":true,"articles":3,"services":3,"portfolio":3,"users":1,"recentArticles":[{"id":1,"title":"Getting Started with Web Development","category":"Web Development","author":"John Doe","content":"This is a sample article about web development basics.","status":"published","created_at":"2024-03-20 10:00:00"},{"id":2,"title":"Advanced PHP Techniques","category":"Programming","author":"Jane Smith","content":"Learn about advanced PHP programming techniques.","status":"published","created_at":"2024-03-20 11:00:00"},{"id":3,"title":"Database Design Best Practices","category":"Database","author":"Mike Johnson","content":"Essential tips for designing efficient databases.","status":"draft","created_at":"2024-03-20 12:00:00"}],"recentServices":[{"id":1,"name":"Web Development","description":"Custom web development services","status":"active","created_at":"2024-03-20 10:00:00"},{"id":2,"name":"SEO Optimization","description":"Search engine optimization services","status":"active","created_at":"2024-03-20 11:00:00"},{"id":3,"name":"Content Writing","description":"Professional content writing services","status":"active","created_at":"2024-03-20 12:00:00"}]}
[06-Jun-2025 20:43:27 Europe/Berlin] Login error: Email and password are required
[06-Jun-2025 20:43:29 Europe/Berlin] Login error: Email and password are required
[06-Jun-2025 20:43:30 Europe/Berlin] Login error: Email and password are required
[06-Jun-2025 20:44:37 Europe/Berlin] Login error: Email and password are required
[06-Jun-2025 20:46:09 Europe/Berlin] PHP Warning:  Undefined array key "email" in C:\xampp\htdocs\cpanel\api\login.php on line 40
[06-Jun-2025 20:46:09 Europe/Berlin] Login error: Invalid email or password
[06-Jun-2025 20:46:11 Europe/Berlin] PHP Warning:  Undefined array key "email" in C:\xampp\htdocs\cpanel\api\login.php on line 40
[06-Jun-2025 20:46:11 Europe/Berlin] Login error: Invalid email or password
[06-Jun-2025 20:46:41 Europe/Berlin] PHP Warning:  Undefined array key "email" in C:\xampp\htdocs\cpanel\api\login.php on line 40
[06-Jun-2025 20:46:41 Europe/Berlin] Login error: Invalid email or password
[06-Jun-2025 20:46:44 Europe/Berlin] PHP Warning:  Undefined array key "email" in C:\xampp\htdocs\cpanel\api\login.php on line 40
[06-Jun-2025 20:46:44 Europe/Berlin] Login error: Invalid email or password
[06-Jun-2025 20:47:13 Europe/Berlin] PHP Warning:  Undefined array key "email" in C:\xampp\htdocs\cpanel\api\login.php on line 40
[06-Jun-2025 20:47:13 Europe/Berlin] Login error: Invalid email or password
[06-Jun-2025 20:48:46 Europe/Berlin] PHP Warning:  Undefined array key "email" in C:\xampp\htdocs\cpanel\api\login.php on line 42
[06-Jun-2025 20:48:49 Europe/Berlin] PHP Warning:  Undefined array key "email" in C:\xampp\htdocs\cpanel\api\login.php on line 42
[06-Jun-2025 20:48:54 Europe/Berlin] PHP Warning:  Undefined array key "email" in C:\xampp\htdocs\cpanel\api\login.php on line 42
[06-Jun-2025 20:50:33 Europe/Berlin] Received login data: Array
(
    [email] => admin@example.com
    [password] => password
)

[06-Jun-2025 20:50:33 Europe/Berlin] PHP Warning:  Undefined array key "email" in C:\xampp\htdocs\cpanel\api\login.php on line 49
[06-Jun-2025 20:50:33 Europe/Berlin] Login error: Invalid email or password
[06-Jun-2025 21:01:30 Europe/Berlin] Raw input: {"email":"ahmed.mo.abubakr@gmail.com","password":"abuBakr&elKhiouty"}
[06-Jun-2025 21:01:30 Europe/Berlin] Decoded data: Array
(
    [email] => ahmed.mo.abubakr@gmail.com
    [password] => abuBakr&elKhiouty
)

[06-Jun-2025 21:01:30 Europe/Berlin] PHP Warning:  Undefined array key "email" in C:\xampp\htdocs\cpanel\api\login.php on line 50
[06-Jun-2025 21:01:30 Europe/Berlin] Login error: Invalid email or password
[06-Jun-2025 21:01:30 Europe/Berlin] Attempted login with email: ahmed.mo.abubakr@gmail.com
[06-Jun-2025 21:01:51 Europe/Berlin] Raw input: {"email":"admin@example.com","password":"password"}
[06-Jun-2025 21:01:51 Europe/Berlin] Decoded data: Array
(
    [email] => admin@example.com
    [password] => password
)

[06-Jun-2025 21:01:51 Europe/Berlin] PHP Warning:  Undefined array key "email" in C:\xampp\htdocs\cpanel\api\login.php on line 50
[06-Jun-2025 21:01:51 Europe/Berlin] Login error: Invalid email or password
[06-Jun-2025 21:01:51 Europe/Berlin] Attempted login with email: admin@example.com
[06-Jun-2025 21:04:52 Europe/Berlin] Raw input: {"email":"ahmed.mo.abubakr@gmail.com","password":"abuBakr&elKhiouty"}
[06-Jun-2025 21:04:52 Europe/Berlin] Decoded data: Array
(
    [email] => ahmed.mo.abubakr@gmail.com
    [password] => abuBakr&elKhiouty
)

[06-Jun-2025 21:04:52 Europe/Berlin] PHP Warning:  Undefined array key "email" in C:\xampp\htdocs\cpanel\api\login.php on line 50
[06-Jun-2025 21:04:52 Europe/Berlin] Login error: Invalid email or password
[06-Jun-2025 21:04:52 Europe/Berlin] Attempted login with email: ahmed.mo.abubakr@gmail.com
[06-Jun-2025 21:07:04 Europe/Berlin] Raw input: {"email":"ahmed.mo.abubakr@gmail.com","password":"abuBakr&elKhiouty"}
[06-Jun-2025 21:07:04 Europe/Berlin] Decoded data: Array
(
    [email] => ahmed.mo.abubakr@gmail.com
    [password] => abuBakr&elKhiouty
)

[06-Jun-2025 21:12:41 Europe/Berlin] Dashboard API Error: Missing or invalid Authorization header
[06-Jun-2025 21:12:44 Europe/Berlin] Token validation error: Invalid token signature
[06-Jun-2025 21:12:44 Europe/Berlin] Articles API Error: Invalid or expired token
[07-Jun-2025 16:14:32 Europe/Berlin] Raw input: {"email":"ahmed.mo.abubakr@gmail.com","password":"abuBakr&elKhiouty"}
[07-Jun-2025 16:14:32 Europe/Berlin] Decoded data: Array
(
    [email] => ahmed.mo.abubakr@gmail.com
    [password] => abuBakr&elKhiouty
)

[07-Jun-2025 16:14:35 Europe/Berlin] Dashboard API Error: Missing or invalid Authorization header
[07-Jun-2025 16:14:43 Europe/Berlin] Dashboard API Error: Missing or invalid Authorization header
[07-Jun-2025 16:23:46 Europe/Berlin] Dashboard API Error: Missing or invalid Authorization header
[07-Jun-2025 16:23:51 Europe/Berlin] Dashboard API Error: Missing or invalid Authorization header
[07-Jun-2025 16:23:55 Europe/Berlin] Users API Error: Missing or invalid Authorization header
[07-Jun-2025 16:47:21 Europe/Berlin] PHP Fatal error:  Uncaught Error: Call to undefined method JWTHandler::jwtDecodeData() in C:\xampp\htdocs\cpanel\api\dashboard.php:27
Stack trace:
#0 {main}
  thrown in C:\xampp\htdocs\cpanel\api\dashboard.php on line 27
[07-Jun-2025 16:47:25 Europe/Berlin] PHP Fatal error:  Uncaught Error: Call to undefined method JWTHandler::jwtDecodeData() in C:\xampp\htdocs\cpanel\api\portfolio.php:27
Stack trace:
#0 {main}
  thrown in C:\xampp\htdocs\cpanel\api\portfolio.php on line 27
[07-Jun-2025 17:05:03 Europe/Berlin] Raw input: {"email":"ahmed.mo.abubakr@gmail.com","password":"abuBakr&elKhiouty"}
[07-Jun-2025 17:05:03 Europe/Berlin] Decoded data: Array
(
    [email] => ahmed.mo.abubakr@gmail.com
    [password] => abuBakr&elKhiouty
)

[07-Jun-2025 17:05:03 Europe/Berlin] PHP Fatal error:  Uncaught Error: Non-static method JWTHandler::generateToken() cannot be called statically in C:\xampp\htdocs\cpanel\api\login.php:69
Stack trace:
#0 {main}
  thrown in C:\xampp\htdocs\cpanel\api\login.php on line 69
[07-Jun-2025 17:05:16 Europe/Berlin] Raw input: {"email":"ahmed.mo.abubakr@gmail.com","password":"abuBakr&elKhiouty"}
[07-Jun-2025 17:05:16 Europe/Berlin] Decoded data: Array
(
    [email] => ahmed.mo.abubakr@gmail.com
    [password] => abuBakr&elKhiouty
)

[07-Jun-2025 17:05:16 Europe/Berlin] PHP Fatal error:  Uncaught Error: Non-static method JWTHandler::generateToken() cannot be called statically in C:\xampp\htdocs\cpanel\api\login.php:69
Stack trace:
#0 {main}
  thrown in C:\xampp\htdocs\cpanel\api\login.php on line 69
[07-Jun-2025 17:05:17 Europe/Berlin] Raw input: {"email":"ahmed.mo.abubakr@gmail.com","password":"abuBakr&elKhiouty"}
[07-Jun-2025 17:05:17 Europe/Berlin] Decoded data: Array
(
    [email] => ahmed.mo.abubakr@gmail.com
    [password] => abuBakr&elKhiouty
)

[07-Jun-2025 17:05:18 Europe/Berlin] PHP Fatal error:  Uncaught Error: Non-static method JWTHandler::generateToken() cannot be called statically in C:\xampp\htdocs\cpanel\api\login.php:69
Stack trace:
#0 {main}
  thrown in C:\xampp\htdocs\cpanel\api\login.php on line 69
[07-Jun-2025 17:05:54 Europe/Berlin] PHP Fatal error:  Uncaught Error: Non-static method JWTHandler::validateToken() cannot be called statically in C:\xampp\htdocs\cpanel\api\services.php:29
Stack trace:
#0 {main}
  thrown in C:\xampp\htdocs\cpanel\api\services.php on line 29
[07-Jun-2025 17:14:41 Europe/Berlin] PHP Fatal error:  Uncaught Error: Non-static method JWTHandler::validateToken() cannot be called statically in C:\xampp\htdocs\cpanel\api\services.php:29
Stack trace:
#0 {main}
  thrown in C:\xampp\htdocs\cpanel\api\services.php on line 29
[07-Jun-2025 17:27:18 Europe/Berlin] Token validation error: Invalid token
[07-Jun-2025 17:29:38 Europe/Berlin] Raw input: {"email":"ahmed.mo.abubakr@gmail.com","password":"abuBakr&elKhiouty"}
[07-Jun-2025 17:29:38 Europe/Berlin] Decoded data: Array
(
    [email] => ahmed.mo.abubakr@gmail.com
    [password] => abuBakr&elKhiouty
)

[07-Jun-2025 17:29:38 Europe/Berlin] Login error: Invalid users data
[07-Jun-2025 17:29:52 Europe/Berlin] Raw input: {"email":"ahmed.mo.abubakr@gmail.com","password":"abuBakr&elKhiouty"}
[07-Jun-2025 17:29:52 Europe/Berlin] Decoded data: Array
(
    [email] => ahmed.mo.abubakr@gmail.com
    [password] => abuBakr&elKhiouty
)

[07-Jun-2025 17:29:52 Europe/Berlin] Login error: Invalid users data
[08-Jun-2025 01:50:16 Europe/Berlin] Received input: {"email":"ahmed.mo.abubakr@gmail.com","password":"abuBakr&elKhiouty"}
[08-Jun-2025 01:50:16 Europe/Berlin] Attempting login for email: ahmed.mo.abubakr@gmail.com
[08-Jun-2025 01:50:16 Europe/Berlin] Users database content: [
    {
        "id": 1,
        "name": "Ahmed Abubakr",
        "email": "ahmed.mo.abubakr@gmail.com",
        "password": "$2y$10$t7XNyeZ.JidgSzPzIBYeaucvEmjJAamB2UC8Bng4I2ZX6l/oBp7MC",
        "role": "admin",
        "created_at": "2024-03-20 10:00:00",
        "updated_at": "2024-03-20 10:00:00"
    }
] 
[08-Jun-2025 01:50:16 Europe/Berlin] Password verified successfully for user: ahmed.mo.abubakr@gmail.com
[08-Jun-2025 01:50:16 Europe/Berlin] Generated token: eyJ0eXAiOiJKV1QiLCJhbGciOiJIUzI1NiJ9.eyJpZCI6MSwiZW1haWwiOiJhaG1lZC5tby5hYnViYWtyQGdtYWlsLmNvbSIsIm5hbWUiOiJBaG1lZCBBYnViYWtyIiwicm9sZSI6ImFkbWluIiwiZXhwIjoxNzQ5NDI2NjE2fQ.rBuHebbB7163xlLq2v4FIbCAXAV2m2QQH0vJBMEDKwc
[08-Jun-2025 02:13:13 Europe/Berlin] Received input: {"email":"ahmed.mo.abubakr@gmail.com","password":"abuBakr&elKhiouty"}
[08-Jun-2025 02:13:13 Europe/Berlin] Attempting login for email: ahmed.mo.abubakr@gmail.com
[08-Jun-2025 02:13:13 Europe/Berlin] Users database content: [
    {
        "id": 1,
        "name": "Ahmed Abubakr",
        "email": "ahmed.mo.abubakr@gmail.com",
        "password": "$2y$10$t7XNyeZ.JidgSzPzIBYeaucvEmjJAamB2UC8Bng4I2ZX6l/oBp7MC",
        "role": "admin",
        "created_at": "2024-03-20 10:00:00",
        "updated_at": "2024-03-20 10:00:00"
    }
] 
[08-Jun-2025 02:13:13 Europe/Berlin] Password verified successfully for user: ahmed.mo.abubakr@gmail.com
[08-Jun-2025 02:13:13 Europe/Berlin] Generated token: eyJ0eXAiOiJKV1QiLCJhbGciOiJIUzI1NiJ9.eyJpZCI6MSwiZW1haWwiOiJhaG1lZC5tby5hYnViYWtyQGdtYWlsLmNvbSIsIm5hbWUiOiJBaG1lZCBBYnViYWtyIiwicm9sZSI6ImFkbWluIiwiZXhwIjoxNzQ5NDI3OTkzfQ.T9Cu219drf6RM76j6EM-XcZGgS3TowkGcNX25DCEmZM
[08-Jun-2025 02:26:45 Europe/Berlin] PHP Warning:  require_once(error_handler.php): Failed to open stream: No such file or directory in C:\xampp\htdocs\cpanel\api\articles.php on line 18
[08-Jun-2025 02:26:45 Europe/Berlin] PHP Fatal error:  Uncaught Error: Failed opening required 'error_handler.php' (include_path='\xampp\php\PEAR') in C:\xampp\htdocs\cpanel\api\articles.php:18
Stack trace:
#0 {main}
  thrown in C:\xampp\htdocs\cpanel\api\articles.php on line 18
[08-Jun-2025 02:26:50 Europe/Berlin] PHP Warning:  require_once(error_handler.php): Failed to open stream: No such file or directory in C:\xampp\htdocs\cpanel\api\articles.php on line 18
[08-Jun-2025 02:26:50 Europe/Berlin] PHP Fatal error:  Uncaught Error: Failed opening required 'error_handler.php' (include_path='\xampp\php\PEAR') in C:\xampp\htdocs\cpanel\api\articles.php:18
Stack trace:
#0 {main}
  thrown in C:\xampp\htdocs\cpanel\api\articles.php on line 18
[08-Jun-2025 02:30:12 Europe/Berlin] PHP Warning:  require_once(error_handler.php): Failed to open stream: No such file or directory in C:\xampp\htdocs\cpanel\api\articles.php on line 18
[08-Jun-2025 02:30:12 Europe/Berlin] PHP Fatal error:  Uncaught Error: Failed opening required 'error_handler.php' (include_path='\xampp\php\PEAR') in C:\xampp\htdocs\cpanel\api\articles.php:18
Stack trace:
#0 {main}
  thrown in C:\xampp\htdocs\cpanel\api\articles.php on line 18
[08-Jun-2025 02:30:41 Europe/Berlin] PHP Warning:  require_once(error_handler.php): Failed to open stream: No such file or directory in C:\xampp\htdocs\cpanel\api\articles.php on line 18
[08-Jun-2025 02:30:41 Europe/Berlin] PHP Fatal error:  Uncaught Error: Failed opening required 'error_handler.php' (include_path='\xampp\php\PEAR') in C:\xampp\htdocs\cpanel\api\articles.php:18
Stack trace:
#0 {main}
  thrown in C:\xampp\htdocs\cpanel\api\articles.php on line 18
[08-Jun-2025 03:29:43 Europe/Berlin] PHP Warning:  Undefined array key "image_url" in C:\xampp\htdocs\cpanel\api\portfolio.php on line 151
[08-Jun-2025 13:53:06 Europe/Berlin] Received input: {"email":"ahmed.mo.abubakr@gmail.com","password":"abuBakr&elKhiouty"}
[08-Jun-2025 13:53:06 Europe/Berlin] Attempting login for email: ahmed.mo.abubakr@gmail.com
[08-Jun-2025 13:53:06 Europe/Berlin] Users database content: {
    "users": [
        {
            "id": 1,
            "name": "Ahmed M. Abubakr",
            "email": "ahmed.mo.abubakr@gmail.com",
            "password": "$2y$10$t7XNyeZ.JidgSzPzIBYeaucvEmjJAamB2UC8Bng4I2ZX6l\/oBp7MC",
            "role": "admin",
            "created_at": "2024-03-20 10:00:00",
            "updated_at": "2024-03-20 10:00:00"
        }
    ]
}
[08-Jun-2025 13:53:06 Europe/Berlin] PHP Warning:  Undefined array key "email" in C:\xampp\htdocs\cpanel\api\auth.php on line 113
[08-Jun-2025 13:53:06 Europe/Berlin] Login error: User not found for email ahmed.mo.abubakr@gmail.com
[08-Jun-2025 13:54:31 Europe/Berlin] Received input: {"email":"ahmed.mo.abubakr@gmail.com","password":"abuBakr&elKhiouty"}
[08-Jun-2025 13:54:31 Europe/Berlin] Attempting login for email: ahmed.mo.abubakr@gmail.com
[08-Jun-2025 13:54:31 Europe/Berlin] Users database content: {
    "users": [
        {
            "id": 1,
            "name": "Ahmed M. Abubakr",
            "email": "ahmed.mo.abubakr@gmail.com",
            "password": "$2y$10$t7XNyeZ.JidgSzPzIBYeaucvEmjJAamB2UC8Bng4I2ZX6l\/oBp7MC",
            "role": "admin",
            "created_at": "2024-03-20 10:00:00",
            "updated_at": "2024-03-20 10:00:00"
        }
    ]
}
[08-Jun-2025 13:54:31 Europe/Berlin] Password verified successfully for user: ahmed.mo.abubakr@gmail.com
[08-Jun-2025 13:54:31 Europe/Berlin] Generated token: eyJ0eXAiOiJKV1QiLCJhbGciOiJIUzI1NiJ9.eyJpZCI6MSwiZW1haWwiOiJhaG1lZC5tby5hYnViYWtyQGdtYWlsLmNvbSIsIm5hbWUiOiJBaG1lZCBNLiBBYnViYWtyIiwicm9sZSI6ImFkbWluIiwiZXhwIjoxNzQ5NDcwMDcxfQ.lXX-J1Y-OoH83EQj97bzMFkmc9yHT8UW79Q-5RyTcJY
[08-Jun-2025 15:24:21 Europe/Berlin] Token validation error: Invalid token
[08-Jun-2025 15:24:23 Europe/Berlin] Token validation error: Invalid token
[08-Jun-2025 15:24:23 Europe/Berlin] Token validation error: Invalid token
[08-Jun-2025 15:24:24 Europe/Berlin] Token validation error: Invalid token
[08-Jun-2025 15:24:24 Europe/Berlin] Token validation error: Invalid token
[08-Jun-2025 15:24:25 Europe/Berlin] Token validation error: Invalid token
[08-Jun-2025 15:24:29 Europe/Berlin] Token validation error: Invalid token
[08-Jun-2025 15:24:31 Europe/Berlin] Token validation error: Invalid token
[08-Jun-2025 15:24:32 Europe/Berlin] Token validation error: Invalid token
[08-Jun-2025 15:24:33 Europe/Berlin] Token validation error: Invalid token
[08-Jun-2025 15:29:19 Europe/Berlin] Received input: {"email":"ahmed.mo.abubakr@gmail.com","password":"abuBakr&elKhiouty"}
[08-Jun-2025 15:29:19 Europe/Berlin] Attempting login for email: ahmed.mo.abubakr@gmail.com
[08-Jun-2025 15:29:19 Europe/Berlin] Users database content: {
    "users": [
        {
            "id": 1,
            "name": "Ahmed M. Abubakr",
            "email": "ahmed.mo.abubakr@gmail.com",
            "password": "$2y$10$92IXUNpkjO0rOQ5byMi.Ye4oKoEa3Ro9llC/.og/at2.uheWG/igi",
            "role": "admin",
            "created_at": "2024-03-20 10:00:00",
            "updated_at": "2024-03-20 10:00:00"
        }
    ]
}
[08-Jun-2025 15:29:19 Europe/Berlin] Login error: Password verification failed for email ahmed.mo.abubakr@gmail.com
[08-Jun-2025 15:29:39 Europe/Berlin] Received input: {"email":"ahmed.mo.abubakr@gmail.com","password":"حشسسصخقي"}
[08-Jun-2025 15:29:39 Europe/Berlin] Attempting login for email: ahmed.mo.abubakr@gmail.com
[08-Jun-2025 15:29:39 Europe/Berlin] Users database content: {
    "users": [
        {
            "id": 1,
            "name": "Ahmed M. Abubakr",
            "email": "ahmed.mo.abubakr@gmail.com",
            "password": "$2y$10$92IXUNpkjO0rOQ5byMi.Ye4oKoEa3Ro9llC/.og/at2.uheWG/igi",
            "role": "admin",
            "created_at": "2024-03-20 10:00:00",
            "updated_at": "2024-03-20 10:00:00"
        }
    ]
}
[08-Jun-2025 15:29:39 Europe/Berlin] Login error: Password verification failed for email ahmed.mo.abubakr@gmail.com
[08-Jun-2025 15:29:56 Europe/Berlin] Received input: {"email":"ahmed.mo.abubakr@gmail.com","password":"password"}
[08-Jun-2025 15:29:56 Europe/Berlin] Attempting login for email: ahmed.mo.abubakr@gmail.com
[08-Jun-2025 15:29:56 Europe/Berlin] Users database content: {
    "users": [
        {
            "id": 1,
            "name": "Ahmed M. Abubakr",
            "email": "ahmed.mo.abubakr@gmail.com",
            "password": "$2y$10$92IXUNpkjO0rOQ5byMi.Ye4oKoEa3Ro9llC/.og/at2.uheWG/igi",
            "role": "admin",
            "created_at": "2024-03-20 10:00:00",
            "updated_at": "2024-03-20 10:00:00"
        }
    ]
}
[08-Jun-2025 15:29:56 Europe/Berlin] Password verified successfully for user: ahmed.mo.abubakr@gmail.com
[08-Jun-2025 15:29:56 Europe/Berlin] Generated token: eyJ0eXAiOiJKV1QiLCJhbGciOiJIUzI1NiJ9.eyJpYXQiOjE3NDkzODkzOTYsImV4cCI6MTc0OTQ3NTc5NiwiZGF0YSI6eyJpZCI6MSwiZW1haWwiOiJhaG1lZC5tby5hYnViYWtyQGdtYWlsLmNvbSIsIm5hbWUiOiJBaG1lZCBNLiBBYnViYWtyIiwicm9sZSI6ImFkbWluIn19.Vgfl3APhCRzYyjeL-GFoH7uMgwoXMNOtKwymDhcMZH4
[08-Jun-2025 15:29:57 Europe/Berlin] Dashboard API Error: No authorization header
[08-Jun-2025 15:30:21 Europe/Berlin] Dashboard API Error: No authorization header
[08-Jun-2025 15:30:24 Europe/Berlin] Dashboard API Error: No authorization header
[08-Jun-2025 15:30:26 Europe/Berlin] Received input: {"email":"ahmed.mo.abubakr@gmail.com","password":"password"}
[08-Jun-2025 15:30:26 Europe/Berlin] Attempting login for email: ahmed.mo.abubakr@gmail.com
[08-Jun-2025 15:30:26 Europe/Berlin] Users database content: {
    "users": [
        {
            "id": 1,
            "name": "Ahmed M. Abubakr",
            "email": "ahmed.mo.abubakr@gmail.com",
            "password": "$2y$10$PnRqOpOnHCwhaJ3F2v7JPuOOsxKdNEGyA8sZQzxFQyWPRodf36IiO",
            "role": "admin",
            "created_at": "2024-03-20 10:00:00",
            "updated_at": "2024-03-20 10:00:00"
        }
    ]
}
[08-Jun-2025 15:30:26 Europe/Berlin] Password verified successfully for user: ahmed.mo.abubakr@gmail.com
[08-Jun-2025 15:30:26 Europe/Berlin] Generated token: eyJ0eXAiOiJKV1QiLCJhbGciOiJIUzI1NiJ9.eyJpYXQiOjE3NDkzODk0MjYsImV4cCI6MTc0OTQ3NTgyNiwiZGF0YSI6eyJpZCI6MSwiZW1haWwiOiJhaG1lZC5tby5hYnViYWtyQGdtYWlsLmNvbSIsIm5hbWUiOiJBaG1lZCBNLiBBYnViYWtyIiwicm9sZSI6ImFkbWluIn19.bVT5NjAbvNqg08CG1OGsMQ8iJq0QwBD42v15AtytRKQ
[08-Jun-2025 15:30:26 Europe/Berlin] Dashboard API Error: No authorization header
[08-Jun-2025 15:30:29 Europe/Berlin] Dashboard API Error: No authorization header
[08-Jun-2025 15:31:02 Europe/Berlin] Dashboard API Error: No authorization header
[08-Jun-2025 15:31:03 Europe/Berlin] Dashboard API Error: No authorization header
[08-Jun-2025 15:31:04 Europe/Berlin] Dashboard API Error: No authorization header
[08-Jun-2025 15:34:01 Europe/Berlin] Received input: {"email":"ahmed.mo.abubakr@gmail.com","password":"password"}
[08-Jun-2025 15:34:01 Europe/Berlin] Attempting login for email: ahmed.mo.abubakr@gmail.com
[08-Jun-2025 15:34:01 Europe/Berlin] Users database content: {
    "users": [
        {
            "id": 1,
            "name": "Ahmed M. Abubakr",
            "email": "ahmed.mo.abubakr@gmail.com",
            "password": "$2y$10$PnRqOpOnHCwhaJ3F2v7JPuOOsxKdNEGyA8sZQzxFQyWPRodf36IiO",
            "role": "admin",
            "created_at": "2024-03-20 10:00:00",
            "updated_at": "2024-03-20 10:00:00"
        }
    ]
}
[08-Jun-2025 15:34:01 Europe/Berlin] Password verified successfully for user: ahmed.mo.abubakr@gmail.com
[08-Jun-2025 15:34:01 Europe/Berlin] Generated token: eyJ0eXAiOiJKV1QiLCJhbGciOiJIUzI1NiJ9.eyJpYXQiOjE3NDkzODk2NDEsImV4cCI6MTc0OTQ3NjA0MSwiZGF0YSI6eyJpZCI6MSwiZW1haWwiOiJhaG1lZC5tby5hYnViYWtyQGdtYWlsLmNvbSIsIm5hbWUiOiJBaG1lZCBNLiBBYnViYWtyIiwicm9sZSI6ImFkbWluIn19.A-eeQkax5GR7hAAXNpQNrO_y1j7tcI0s-qiptKqSy7E
[08-Jun-2025 15:35:33 Europe/Berlin] Received input: {"email":"ahmed.mo.abubakr@gmail.com","password":"password"}
[08-Jun-2025 15:35:33 Europe/Berlin] Attempting login for email: ahmed.mo.abubakr@gmail.com
[08-Jun-2025 15:35:33 Europe/Berlin] Users database content: {
    "users": [
        {
            "id": 1,
            "name": "Ahmed M. Abubakr",
            "email": "ahmed.mo.abubakr@gmail.com",
            "password": "$2y$10$PnRqOpOnHCwhaJ3F2v7JPuOOsxKdNEGyA8sZQzxFQyWPRodf36IiO",
            "role": "admin",
            "created_at": "2024-03-20 10:00:00",
            "updated_at": "2024-03-20 10:00:00"
        }
    ]
}
[08-Jun-2025 15:35:34 Europe/Berlin] Password verified successfully for user: ahmed.mo.abubakr@gmail.com
[08-Jun-2025 15:35:34 Europe/Berlin] Generated token: eyJ0eXAiOiJKV1QiLCJhbGciOiJIUzI1NiJ9.eyJpYXQiOjE3NDkzODk3MzQsImV4cCI6MTc0OTQ3NjEzNCwiZGF0YSI6eyJpZCI6MSwiZW1haWwiOiJhaG1lZC5tby5hYnViYWtyQGdtYWlsLmNvbSIsIm5hbWUiOiJBaG1lZCBNLiBBYnViYWtyIiwicm9sZSI6ImFkbWluIn19.FHeXvvjvKVfNLtKFLwT5aHzBtSYC0CecKffWOSSM3PI
[08-Jun-2025 15:35:38 Europe/Berlin] Received input: {"email":"ahmed.mo.abubakr@gmail.com","password":"abuBakr&elKhiouty"}
[08-Jun-2025 15:35:38 Europe/Berlin] Attempting login for email: ahmed.mo.abubakr@gmail.com
[08-Jun-2025 15:35:38 Europe/Berlin] Users database content: {
    "users": [
        {
            "id": 1,
            "name": "Ahmed M. Abubakr",
            "email": "ahmed.mo.abubakr@gmail.com",
            "password": "$2y$10$PnRqOpOnHCwhaJ3F2v7JPuOOsxKdNEGyA8sZQzxFQyWPRodf36IiO",
            "role": "admin",
            "created_at": "2024-03-20 10:00:00",
            "updated_at": "2024-03-20 10:00:00"
        }
    ]
}
[08-Jun-2025 15:35:38 Europe/Berlin] Login error: Password verification failed for email ahmed.mo.abubakr@gmail.com
[08-Jun-2025 15:35:40 Europe/Berlin] Received input: {"email":"ahmed.mo.abubakr@gmail.com","password":"abuBakr&elKhiouty"}
[08-Jun-2025 15:35:40 Europe/Berlin] Attempting login for email: ahmed.mo.abubakr@gmail.com
[08-Jun-2025 15:35:40 Europe/Berlin] Users database content: {
    "users": [
        {
            "id": 1,
            "name": "Ahmed M. Abubakr",
            "email": "ahmed.mo.abubakr@gmail.com",
            "password": "$2y$10$PnRqOpOnHCwhaJ3F2v7JPuOOsxKdNEGyA8sZQzxFQyWPRodf36IiO",
            "role": "admin",
            "created_at": "2024-03-20 10:00:00",
            "updated_at": "2024-03-20 10:00:00"
        }
    ]
}
[08-Jun-2025 15:35:40 Europe/Berlin] Login error: Password verification failed for email ahmed.mo.abubakr@gmail.com
[08-Jun-2025 15:36:15 Europe/Berlin] Received input: {"email":"ahmed.mo.abubakr@gmail.com","password":"password"}
[08-Jun-2025 15:36:15 Europe/Berlin] Attempting login for email: ahmed.mo.abubakr@gmail.com
[08-Jun-2025 15:36:15 Europe/Berlin] Users database content: {
    "users": [
        {
            "id": 1,
            "name": "Ahmed M. Abubakr",
            "email": "ahmed.mo.abubakr@gmail.com",
            "password": "$2y$10$PnRqOpOnHCwhaJ3F2v7JPuOOsxKdNEGyA8sZQzxFQyWPRodf36IiO",
            "role": "admin",
            "created_at": "2024-03-20 10:00:00",
            "updated_at": "2024-03-20 10:00:00"
        }
    ]
}
[08-Jun-2025 15:36:15 Europe/Berlin] Password verified successfully for user: ahmed.mo.abubakr@gmail.com
[08-Jun-2025 15:36:15 Europe/Berlin] Generated token: eyJ0eXAiOiJKV1QiLCJhbGciOiJIUzI1NiJ9.eyJpYXQiOjE3NDkzODk3NzUsImV4cCI6MTc0OTQ3NjE3NSwiZGF0YSI6eyJpZCI6MSwiZW1haWwiOiJhaG1lZC5tby5hYnViYWtyQGdtYWlsLmNvbSIsIm5hbWUiOiJBaG1lZCBNLiBBYnViYWtyIiwicm9sZSI6ImFkbWluIn19.kEherzj-Vphxg5WEJRA3BSxAlFXxDOjDbx0ZrniblTk
[08-Jun-2025 15:36:26 Europe/Berlin] Received input: {"email":"ahmed.mo.abubakr@gmail.com","password":"password"}
[08-Jun-2025 15:36:26 Europe/Berlin] Attempting login for email: ahmed.mo.abubakr@gmail.com
[08-Jun-2025 15:36:26 Europe/Berlin] Users database content: {
    "users": [
        {
            "id": 1,
            "name": "Ahmed M. Abubakr",
            "email": "ahmed.mo.abubakr@gmail.com",
            "password": "$2y$10$QwQwQwQwQwQwQwQwQwQwQeQwQwQwQwQwQwQwQwQwQwQwQwQwQwQwQ",
            "role": "admin",
            "created_at": "2024-03-20 10:00:00",
            "updated_at": "2024-03-20 10:00:00"
        }
    ]
}
[08-Jun-2025 15:36:26 Europe/Berlin] Login error: Password verification failed for email ahmed.mo.abubakr@gmail.com
[08-Jun-2025 15:36:29 Europe/Berlin] Received input: {"email":"ahmed.mo.abubakr@gmail.com","password":"abuBakr&elKhiouty"}
[08-Jun-2025 15:36:29 Europe/Berlin] Attempting login for email: ahmed.mo.abubakr@gmail.com
[08-Jun-2025 15:36:29 Europe/Berlin] Users database content: {
    "users": [
        {
            "id": 1,
            "name": "Ahmed M. Abubakr",
            "email": "ahmed.mo.abubakr@gmail.com",
            "password": "$2y$10$QwQwQwQwQwQwQwQwQwQwQeQwQwQwQwQwQwQwQwQwQwQwQwQwQwQwQ",
            "role": "admin",
            "created_at": "2024-03-20 10:00:00",
            "updated_at": "2024-03-20 10:00:00"
        }
    ]
}
[08-Jun-2025 15:36:29 Europe/Berlin] Login error: Password verification failed for email ahmed.mo.abubakr@gmail.com
[08-Jun-2025 15:36:40 Europe/Berlin] Received input: {"email":"ahmed.mo.abubakr@gmail.com","password":"abuBakr&elKhiouty"}
[08-Jun-2025 15:36:40 Europe/Berlin] Attempting login for email: ahmed.mo.abubakr@gmail.com
[08-Jun-2025 15:36:40 Europe/Berlin] Users database content: {
    "users": [
        {
            "id": 1,
            "name": "Ahmed M. Abubakr",
            "email": "ahmed.mo.abubakr@gmail.com",
            "password": "$2y$10$QwQwQwQwQwQwQwQwQwQwQeQwQwQwQwQwQwQwQwQwQwQwQwQwQwQwQ",
            "role": "admin",
            "created_at": "2024-03-20 10:00:00",
            "updated_at": "2024-03-20 10:00:00"
        }
    ]
}
[08-Jun-2025 15:36:40 Europe/Berlin] Login error: Password verification failed for email ahmed.mo.abubakr@gmail.com
[08-Jun-2025 15:36:49 Europe/Berlin] Received input: {"email":"ahmed.mo.abubakr@gmail.com","password":"abuBakr&elKhiouty"}
[08-Jun-2025 15:36:49 Europe/Berlin] Attempting login for email: ahmed.mo.abubakr@gmail.com
[08-Jun-2025 15:36:49 Europe/Berlin] Users database content: {
    "users": [
        {
            "id": 1,
            "name": "Ahmed M. Abubakr",
            "email": "ahmed.mo.abubakr@gmail.com",
            "password": "$2y$10$QwQwQwQwQwQwQwQwQwQwQeQwQwQwQwQwQwQwQwQwQwQwQwQwQwQwQ",
            "role": "admin",
            "created_at": "2024-03-20 10:00:00",
            "updated_at": "2024-03-20 10:00:00"
        }
    ]
}
[08-Jun-2025 15:36:49 Europe/Berlin] Login error: Password verification failed for email ahmed.mo.abubakr@gmail.com
[08-Jun-2025 15:36:52 Europe/Berlin] Received input: {"email":"ahmed.mo.abubakr@gmail.com","password":"password"}
[08-Jun-2025 15:36:52 Europe/Berlin] Attempting login for email: ahmed.mo.abubakr@gmail.com
[08-Jun-2025 15:36:52 Europe/Berlin] Users database content: {
    "users": [
        {
            "id": 1,
            "name": "Ahmed M. Abubakr",
            "email": "ahmed.mo.abubakr@gmail.com",
            "password": "$2y$10$QwQwQwQwQwQwQwQwQwQwQeQwQwQwQwQwQwQwQwQwQwQwQwQwQwQwQ",
            "role": "admin",
            "created_at": "2024-03-20 10:00:00",
            "updated_at": "2024-03-20 10:00:00"
        }
    ]
}
[08-Jun-2025 15:36:52 Europe/Berlin] Login error: Password verification failed for email ahmed.mo.abubakr@gmail.com
[08-Jun-2025 15:46:58 Europe/Berlin] Received input: {"email":"ahmed.mo.abubakr@gmail.com","password":"abuBakr&elKhiouty"}
[08-Jun-2025 15:46:58 Europe/Berlin] Attempting login for email: ahmed.mo.abubakr@gmail.com
[08-Jun-2025 15:46:58 Europe/Berlin] Received password: abuBakr&elKhiouty
[08-Jun-2025 15:46:58 Europe/Berlin] Users database content: {
    "users": [
        {
            "id": 1,
            "name": "Ahmed M. Abubakr",
            "email": "ahmed.mo.abubakr@gmail.com",
            "password": "$2y$10$QwQwQwQwQwQwQwQwQwQwQeQwQwQwQwQwQwQwQwQwQwQwQwQwQwQwQ",
            "role": "admin",
            "created_at": "2024-03-20 10:00:00",
            "updated_at": "2024-03-20 10:00:00"
        }
    ]
}
[08-Jun-2025 15:46:58 Europe/Berlin] Checking user: ahmed.mo.abubakr@gmail.com
[08-Jun-2025 15:46:58 Europe/Berlin] User found: {"id":1,"name":"Ahmed M. Abubakr","email":"ahmed.mo.abubakr@gmail.com","password":"$2y$10$QwQwQwQwQwQwQwQwQwQwQeQwQwQwQwQwQwQwQwQwQwQwQwQwQwQwQ","role":"admin","created_at":"2024-03-20 10:00:00","updated_at":"2024-03-20 10:00:00"}
[08-Jun-2025 15:46:58 Europe/Berlin] Password verify result: false
[08-Jun-2025 15:46:58 Europe/Berlin] Login error: Password verification failed for email ahmed.mo.abubakr@gmail.com
[08-Jun-2025 15:47:06 Europe/Berlin] Received input: {"email":"ahmed.mo.abubakr@gmail.com","password":"password"}
[08-Jun-2025 15:47:06 Europe/Berlin] Attempting login for email: ahmed.mo.abubakr@gmail.com
[08-Jun-2025 15:47:06 Europe/Berlin] Received password: password
[08-Jun-2025 15:47:06 Europe/Berlin] Users database content: {
    "users": [
        {
            "id": 1,
            "name": "Ahmed M. Abubakr",
            "email": "ahmed.mo.abubakr@gmail.com",
            "password": "$2y$10$QwQwQwQwQwQwQwQwQwQwQeQwQwQwQwQwQwQwQwQwQwQwQwQwQwQwQ",
            "role": "admin",
            "created_at": "2024-03-20 10:00:00",
            "updated_at": "2024-03-20 10:00:00"
        }
    ]
}
[08-Jun-2025 15:47:06 Europe/Berlin] Checking user: ahmed.mo.abubakr@gmail.com
[08-Jun-2025 15:47:06 Europe/Berlin] User found: {"id":1,"name":"Ahmed M. Abubakr","email":"ahmed.mo.abubakr@gmail.com","password":"$2y$10$QwQwQwQwQwQwQwQwQwQwQeQwQwQwQwQwQwQwQwQwQwQwQwQwQwQwQ","role":"admin","created_at":"2024-03-20 10:00:00","updated_at":"2024-03-20 10:00:00"}
[08-Jun-2025 15:47:06 Europe/Berlin] Password verify result: false
[08-Jun-2025 15:47:06 Europe/Berlin] Login error: Password verification failed for email ahmed.mo.abubakr@gmail.com
[08-Jun-2025 15:48:21 Europe/Berlin] Received input: {"email":"ahmed.mo.abubakr@gmail.com","password":"abuBakr&elKhiouty"}
[08-Jun-2025 15:48:21 Europe/Berlin] Attempting login for email: ahmed.mo.abubakr@gmail.com
[08-Jun-2025 15:48:21 Europe/Berlin] Received password: abuBakr&elKhiouty
[08-Jun-2025 15:48:21 Europe/Berlin] Users database content: {
    "users": [
        {
            "id": 1,
            "name": "Ahmed M. Abubakr",
            "email": "ahmed.mo.abubakr@gmail.com",
            "password": "$2y$10$SP0eiGPiHJZwwYM1A0eGaOmEqxdpMjQMjkpKQ0.RZ2FAVS.P9Ri\/i",
            "role": "admin",
            "created_at": "2024-03-20 10:00:00",
            "updated_at": "2024-03-20 10:00:00"
        }
    ]
}
[08-Jun-2025 15:48:21 Europe/Berlin] Checking user: ahmed.mo.abubakr@gmail.com
[08-Jun-2025 15:48:21 Europe/Berlin] User found: {"id":1,"name":"Ahmed M. Abubakr","email":"ahmed.mo.abubakr@gmail.com","password":"$2y$10$SP0eiGPiHJZwwYM1A0eGaOmEqxdpMjQMjkpKQ0.RZ2FAVS.P9Ri\/i","role":"admin","created_at":"2024-03-20 10:00:00","updated_at":"2024-03-20 10:00:00"}
[08-Jun-2025 15:48:21 Europe/Berlin] Password verify result: true
[08-Jun-2025 15:48:21 Europe/Berlin] Password verified successfully for user: ahmed.mo.abubakr@gmail.com
[08-Jun-2025 15:48:21 Europe/Berlin] Generated token: eyJ0eXAiOiJKV1QiLCJhbGciOiJIUzI1NiJ9.eyJpYXQiOjE3NDkzOTA1MDEsImV4cCI6MTc0OTQ3NjkwMSwiZGF0YSI6eyJpZCI6MSwiZW1haWwiOiJhaG1lZC5tby5hYnViYWtyQGdtYWlsLmNvbSIsIm5hbWUiOiJBaG1lZCBNLiBBYnViYWtyIiwicm9sZSI6ImFkbWluIn19.B8Oe48u4uFd63B6fFNT92jH_flmsnh614ZTkx8h9mTs
